[12:08:46.577] - [debug] - =======开始保存========
[12:08:46.581] - [debug] - 保存JSON
[12:08:46.583] - [debug] - 开始遍历所有的页面
[12:08:46.586] - [debug] - 遍历完所有页面
[12:08:46.587] - [debug] - 完成Page设置
[12:08:46.589] - [debug] - 开始写文件
[12:08:46.595] - [debug] - 完成写文件
[12:08:46.597] - [debug] - 修改标题
[12:08:46.599] - [debug] - ========================
[12:08:56.471] - [debug] - =======开始保存========
[12:08:56.473] - [debug] - 保存JSON
[12:08:56.475] - [debug] - 开始遍历所有的页面
[12:08:56.477] - [debug] - 遍历完所有页面
[12:08:56.479] - [debug] - 完成Page设置
[12:08:56.480] - [debug] - 开始写文件
[12:08:56.486] - [debug] - 完成写文件
[12:08:56.488] - [debug] - 修改标题
[12:08:56.490] - [debug] - ========================
[12:09:09.657] - [debug] - =======开始保存========
[12:09:09.672] - [debug] - 保存JSON
[12:09:09.674] - [debug] - 开始遍历所有的页面
[12:09:09.676] - [debug] - 遍历完所有页面
[12:09:09.678] - [debug] - 完成Page设置
[12:09:09.679] - [debug] - 开始写文件
[12:09:09.685] - [debug] - 完成写文件
[12:09:09.687] - [debug] - 修改标题
[12:09:09.688] - [debug] - ========================
