[12:03:09.287] - [debug] - =======开始保存========
[12:03:09.290] - [debug] - 保存JSON
[12:03:09.291] - [debug] - 开始遍历所有的页面
[12:03:09.292] - [debug] - 遍历完所有页面
[12:03:09.293] - [debug] - 完成Page设置
[12:03:09.294] - [debug] - 开始写文件
[12:03:09.298] - [debug] - 完成写文件
[12:03:09.299] - [debug] - 修改标题
[12:03:09.300] - [debug] - ========================
[12:03:38.949] - [debug] - =======开始保存========
[12:03:38.951] - [debug] - 保存JSON
[12:03:38.953] - [debug] - 开始遍历所有的页面
[12:03:38.955] - [debug] - 遍历完所有页面
[12:03:38.956] - [debug] - 完成Page设置
[12:03:38.958] - [debug] - 开始写文件
[12:03:38.965] - [debug] - 完成写文件
[12:03:38.967] - [debug] - 修改标题
[12:03:38.969] - [debug] - ========================
[12:04:31.129] - [debug] - =======开始保存========
[12:04:31.131] - [debug] - 保存JSON
[12:04:31.132] - [debug] - 开始遍历所有的页面
[12:04:31.135] - [debug] - 遍历完所有页面
[12:04:31.136] - [debug] - 完成Page设置
[12:04:31.138] - [debug] - 开始写文件
[12:04:31.145] - [debug] - 完成写文件
[12:04:31.147] - [debug] - 修改标题
[12:04:31.148] - [debug] - ========================
[12:04:39.153] - [debug] - =======开始保存========
[12:04:39.155] - [debug] - 保存JSON
[12:04:39.157] - [debug] - 开始遍历所有的页面
[12:04:39.159] - [debug] - 遍历完所有页面
[12:04:39.160] - [debug] - 完成Page设置
[12:04:39.162] - [debug] - 开始写文件
[12:04:39.166] - [debug] - 完成写文件
[12:04:39.168] - [debug] - 修改标题
[12:04:39.169] - [debug] - ========================
[12:05:15.547] - [debug] - =======开始保存========
[12:05:15.549] - [debug] - 保存JSON
[12:05:15.551] - [debug] - 开始遍历所有的页面
[12:05:15.553] - [debug] - 遍历完所有页面
[12:05:15.555] - [debug] - 完成Page设置
[12:05:15.557] - [debug] - 开始写文件
[12:05:15.563] - [debug] - 完成写文件
[12:05:15.565] - [debug] - 修改标题
[12:05:15.566] - [debug] - ========================
[12:05:49.473] - [debug] - =======开始保存========
[12:05:49.474] - [debug] - 保存JSON
[12:05:49.475] - [debug] - 开始遍历所有的页面
[12:05:49.476] - [debug] - 遍历完所有页面
[12:05:49.477] - [debug] - 完成Page设置
[12:05:49.477] - [debug] - 开始写文件
[12:05:49.481] - [debug] - 完成写文件
[12:05:49.482] - [debug] - 修改标题
[12:05:49.482] - [debug] - ========================
