[12:09:43.249] - [debug] - =======开始保存========
[12:09:43.253] - [debug] - 保存JSON
[12:09:43.255] - [debug] - 开始遍历所有的页面
[12:09:43.257] - [debug] - 遍历完所有页面
[12:09:43.259] - [debug] - 完成Page设置
[12:09:43.260] - [debug] - 开始写文件
[12:09:43.267] - [debug] - 完成写文件
[12:09:43.268] - [debug] - 修改标题
[12:09:43.269] - [debug] - ========================
[12:09:53.288] - [debug] - =======开始保存========
[12:09:53.289] - [debug] - 保存JSON
[12:09:53.291] - [debug] - 开始遍历所有的页面
[12:09:53.293] - [debug] - 遍历完所有页面
[12:09:53.294] - [debug] - 完成Page设置
[12:09:53.296] - [debug] - 开始写文件
[12:09:53.302] - [debug] - 完成写文件
[12:09:53.304] - [debug] - 修改标题
[12:09:53.305] - [debug] - ========================
[12:10:07.075] - [debug] - =======开始保存========
[12:10:07.077] - [debug] - 保存JSON
[12:10:07.079] - [debug] - 开始遍历所有的页面
[12:10:07.081] - [debug] - 遍历完所有页面
[12:10:07.082] - [debug] - 完成Page设置
[12:10:07.084] - [debug] - 开始写文件
[12:10:07.089] - [debug] - 完成写文件
[12:10:07.090] - [debug] - 修改标题
[12:10:07.091] - [debug] - ========================
